Sending - 12/25/2005 11:02:39 PM
S1F13 [00000004] W
<L[0]
>

Received - 12/25/2005 11:02:39 PM
S1F14 [00000004]
<L[2]
   <B[1] 00>
   <L[2]
      <A[5] 'EAGLE'>
      <A[5] '1.2.3'>
   >
>

Sending - 12/25/2005 11:02:39 PM
S2F31 [00000005] W
<A[16] '2005122523023900'>

Received - 12/25/2005 11:02:39 PM
S2F32 [00000005]
<B[1] 00>

Sending - 12/25/2005 11:02:39 PM
S5F3 [00000006] W
<L[2]
   <B[1] 00>
   <U4[0] *null*>
>

Received - 12/25/2005 11:02:39 PM
S5F4 [00000006]
<B[1] 00>

Sending - 12/25/2005 11:02:39 PM
S5F3 [00000007] W
<L[2]
   <B[1] 80>
   <U4[0] *null*>
>

Received - 12/25/2005 11:02:39 PM
S5F4 [00000007]
<B[1] 00>

Sending - 12/25/2005 11:02:39 PM
S2F33 [00000008] W
<L[2]
   <U4[3] 100>
   <L[0]
   >
>

Received - 12/25/2005 11:02:39 PM
S2F34 [00000008]
<B[1] 00>

Sending - 12/25/2005 11:02:39 PM
S2F33 [00000009] W
<L[2]
   <U4[3] 101>
   <L[5]
      <L[2]
         <U4[3] 100>
         <L[5]
            <U4[3] 200>
            <U4[3] 201>
            <U4[3] 202>
            <U4[3] 203>
            <U4[3] 204>
         >
      >
      <L[2]
         <U4[3] 101>
         <L[2]
            <U4[3] 205>
            <U4[3] 207>
         >
      >
      <L[2]
         <U4[3] 102>
         <L[0]
         >
      >
      <L[2]
         <U4[4] 1000>
         <L[1]
            <U4[4] 1001>
         >
      >
      <L[2]
         <U4[4] 2000>
         <L[0]
         >
      >
   >
>

Received - 12/25/2005 11:02:39 PM
S2F34 [00000009]
<B[1] 00>

Sending - 12/25/2005 11:02:39 PM
S2F35 [00000010] W
<L[2]
   <U4[3] 102>
   <L[4]
      <L[2]
         <U4[4] 2000>
         <L[0]
         >
      >
      <L[2]
         <U4[4] 2001>
         <L[0]
         >
      >
      <L[2]
         <U4[4] 2002>
         <L[0]
         >
      >
      <L[2]
         <U4[4] 2003>
         <L[0]
         >
      >
   >
>

Received - 12/25/2005 11:02:39 PM
S2F36 [00000010]
<B[1] 00>

Sending - 12/25/2005 11:02:39 PM
S2F35 [00000011] W
<L[2]
   <U4[3] 103>
   <L[4]
      <L[2]
         <U4[4] 2000>
         <L[1]
            <U4[3] 100>
         >
      >
      <L[2]
         <U4[4] 2001>
         <L[1]
            <U4[3] 101>
         >
      >
      <L[2]
         <U4[4] 2002>
         <L[1]
            <U4[3] 102>
         >
      >
      <L[2]
         <U4[4] 2003>
         <L[2]
            <U4[4] 1000>
            <U4[4] 2000>
         >
      >
   >
>

Received - 12/25/2005 11:02:40 PM
S2F36 [00000011]
<B[1] 00>

Sending - 12/25/2005 11:02:57 PM
S7F3 [00000004] W
<L[2]
   <A[11] 'Recipe2.prg'>
   <B[10922] 3C 3F 78 6D 6C 20 76 65 72 73 69 6F 6E 3D 22 31 2E 30 22 3F 3E 0D 0A 3C 64 6F 63 3E 0D 0A 20 20 20 20 3C 61 73 73 65 6D 62 6C 79 3E 0D 0A 20 20 20 20 20 20 20 20 3C 6E 61 6D 65 3E 69 73 70 53 45 43 73 44 61 74 61 49 74 65 6D 3C 2F 6E 61 6D 65 3E 0D 0A 20 20 20 20 3C 2F 61 73 73 65 6D 62 6C 79 3E 0D 0A 20 20 20 20 3C 6D 65 6D 62 65 72 73 3E 0D 0A 20 20 20 20 20 20 20 20 3C 6D 65 6D 62 65 72 20 6E 61 6D 65 3D 22 54 3A 49 6E 73 70 68 65 72 65 2E 53 65 63 73 54 6F 54 6F 6F 6C 2E 43 6F 6D 6D 6F 6E 2E 53 45 43 73 46 6F 72 6D 61 74 22 3E 0D 0A 20 20 20 20 20 20 20 20 20 20 20 20 3C 73 75 6D 6D 61 72 79 3E 0D 0A 20 20 20 20 20 20 20 20 20 20 20 20 53 45 43 53 2F 47 45 4D 20 49 74 65 6D 20 66 6F 72 6D 61 74 0D 0A 20 20 20 20 20 20 20 20 20 20 20 20 3C 2F 73 75 6D 6D 61 72 79 3E 0D 0A 20 20 20 20 20 20 20 20 3C 2F 6D 65 6D 62 65 72 3E 0D 0A 20 20 20 20 20 20 20 20 3C 6D 65 6D 62 65 72 20 6E 61 6D 65 3D 22 46 3A 49 6E 73 70 68 65 72 65 2E 53 65 63 73 54 6F 54 6F 6F 6C 2E 43 6F 6D 6D 6F 6E 2E 53 45 43 73 46 6F 72 6D 61 74 2E 41 73 63 69 69 22 3E 0D 0A 20 20 20 20 20 20 20 20 20 20 20 20 3C 73 75 6D 6D 61 72 79 3E 0D 0A 20 20 20 20 20 20 20 20 20 20 20 20 41 73 63 69 69 20 64 61 74 61 20 74 79 70 65 0D 0A 20 20 20 20 20 20 20 20 20 20 20 20 3C 2F 73 75 6D 6D 61 72 79 3E 0D 0A 20 20 20 20 20 20 20 20 3C 2F 6D 65 6D 62 65 72 3E 0D 0A 20 20 20 20 20 20 20 20 3C 6D 65 6D 62 65 72 20 6E 61 6D 65 3D 22 46 3A 49 6E 73 70 68 65 72 65 2E 53 65 63 73 54 6F 54 6F 6F 6C 2E 43 6F 6D 6D 6F 6E 2E 53 45 43 73 46 6F 72 6D 61 74 2E 42 69 6E 61 72 79 22 3E 0D 0A 20 20 20 20 20 20 20 20 20 20 20 20 3C 73 75 6D 6D 61 72 79 3E 0D 0A 20 20 20 20 20 20 20 20 20 20 20 20 42 69 6E 61 72 79 20 64 61 74 61 20 74 79 70 65 0D 0A 20 20 20 20 20 20 20 20 20 20 20 20 3C 2F 73 75 6D 6D 61 72 79 3E 0D 0A 20 20 20 20 20 20 20 20 3C 2F 6D 65 6D 62 65 72 3E 0D 0A 20 20 20 20 20 20 20 20 3C 6D 65 6D 62 65 72 20 6E 61 6D 65 3D 22 46 3A 49 6E 73 70 68 65 72 65 2E 53 65 63 73 54 6F 54 6F 6F 6C 2E 43 6F 6D 6D 6F 6E 2E 53 45 43 73 46 6F 72 6D 61 74 2E 42 6F 6F 6C 65 61 6E 22 3E 0D 0A 20 20 20 20 20 20 20 20 20 20 20 20 3C 73 75 6D 6D 61 72 79 3E 0D 0A 20 20 20 20 20 20 20 20 20 20 20 20 42 6F 6F 6C 65 61 6E 20 28 74 72 75 65 2F 66 61 6C 73 65 29 0D 0A 20 20 20 20 20 20 20 20 20 20 20 20 3C 2F 73 75 6D 6D 61 72 79 3E 0D 0A 20 20 20 20 20 20 20 20 3C 2F 6D 65 6D 62 65 72 3E 0D 0A 20 20 20 20 20 20 20 20 3C 6D 65 6D 62 65 72 20 6E 61 6D 65 3D 22 46 3A 49 6E 73 70 68 65 72 65 2E 53 65 63 73 54 6F 54 6F 6F 6C 2E 43 6F 6D 6D 6F 6E 2E 53 45 43 73 46 6F 72 6D 61 74 2E 46 34 22 3E 0D 0A 20 20 20 20 20 20 20 20 20 20 20 20 3C 73 75 6D 6D 61 72 79 3E 0D 0A 20 20 20 20 20 20 20 20 20 20 20 20 34 20 62 79 74 65 73 20 66 6C 6F 61 74 69 6E 67 20 70 6F 69 6E 74 0D 0A 20 20 20 20 20 20 20 20 20 20 20 20 3C 2F 73 75 6D 6D 61 72 79 3E 0D 0A 20 20 20 20 20 20 20 20 3C 2F 6D 65 6D 62 65 72 3E 0D 0A 20 20 20 20 20 20 20 20 3C 6D 65 6D 62 65 72 20 6E 61 6D 65 3D 22 46 3A 49 6E 73 70 68 65 72 65 2E 53 65 63 73 54 6F 54 6F 6F 6C 2E 43 6F 6D 6D 6F 6E 2E 53 45 43 73 46 6F 72 6D 61 74 2E 46 38 22 3E 0D 0A 20 20 20 20 20 20 20 20 20 20 20 20 3C 73 75 6D 6D 61 72 79 3E 0D 0A 20 20 20 20 20 20 20 20 20 20 20 20 38 20 62 79 74 65 73 20 66 6C 6F 61 74 69 6E 67 20 70 6F 69 6E 74 0D 0A 20 20 20 20 20 20 20 20 20 20 20 20 3C 2F 73 75 6D 6D 61 72 79 3E 0D 0A 20 20 20 20 20 20 20 20 3C 2F 6D 65 6D 62 65 72 3E 0D 0A 20 20 20 20 20 20 20 20 3C 6D 65 6D 62 65 72 20 6E 61 6D 65 3D 22 46 3A 49 6E 73 70 68 65 72 65 2E 53 65 63 73 54 6F 54 6F 6F 6C 2E 43 6F 6D 6D 6F 6E 2E 53 45 43 73 46 6F 72 6D 61 74 2E 49 31 22 3E 0D 0A 20 20 20 20 20 20 20 20 20 20 20 20 3C 73 75 6D 6D 61 72 79 3E 0D 0A 20 20 20 20 20 20 20 20 20 20 20 20 31 20 62 79 74 65 20 69 6E 74 65 67 65 72 20 73 69 67 6E 65 64 0D 0A 20 20 20 20 20 20 20 20 20 20 20 20 3C 2F 73 75 6D 6D 61 72 79 3E 0D 0A 20 20 20 20 20 20 20 20 3C 2F 6D 65 6D 62 65 72 3E 0D 0A 20 20 20 20 20 20 20 20 3C 6D 65 6D 62 65 72 20 6E 61 6D 65 3D 22 46 3A 49 6E 73 70 68 65 72 65 2E 53 65 63 73 54 6F 54 6F 6F 6C 2E 43 6F 6D 6D 6F 6E 2E 53 45 43 73 46 6F 72 6D 61 74 2E 49 32 22 3E 0D 0A 20 20 20 20 20 20 20 20 20 20 20 20 3C 73 75 6D 6D 61 72 79 3E 0D 0A 20 20 20 20 20 20 20 20 20 20 20 20 32 20 62 79 74 65 73 20 69 6E 74 65 67 65 72 20 73 69 67 6E 65 64 0D 0A 20 20 20 20 20 20 20 20 20 20 20 20 3C 2F 73 75 6D 6D 61 72 79 3E 0D 0A 20 20 20 20 20 20 20 20 3C 2F 6D 65 6D 62 65 72 3E 0D 0A 20 20 20 20 20 20 20 20 3C 6D 65 6D 62 65 72 20 6E 61 6D 65 3D 22 46 3A 49 6E 73 70 68 65 72 65 2E 53 65 63 73 54 6F 54 6F 6F 6C 2E 43 6F 6D 6D 6F 6E 2E 53 45 43 73 46 6F 72 6D 61 74 2E 49 34 22 3E 0D 0A 20 20 20 20 20 20 20 20 20 20 20 20 3C 73 75 6D 6D 61 72 79 3E 0D 0A 20 20 20 20 20 20 20 20 20 20 20 20 34 20 62 79 74 65 73 20 69 6E 74 65 67 65 72 20 73 69 67 6E 65 64 0D 0A 20 20 20 20 20 20 20 20 20 20 20 20 3C 2F 73 75 6D 6D 61 72 79 3E 0D 0A 20 20 20 20 20 20 20 20 3C 2F 6D 65 6D 62 65 72 3E 0D 0A 20 20 20 20 20 20 20 20 3C 6D 65 6D 62 65 72 20 6E 61 6D 65 3D 22 46 3A 49 6E 73 70 68 65 72 65 2E 53 65 63 73 54 6F 54 6F 6F 6C 2E 43 6F 6D 6D 6F 6E 2E 53 45 43 73 46 6F 72 6D 61 74 2E 49 38 22 3E 0D 0A 20 20 20 20 20 20 20 20 20 20 20 20 3C 73 75 6D 6D 61 72 79 3E 0D 0A 20 20 20 20 20 20 20 20 20 20 20 20 38 20 62 79 74 65 73 20 69 6E 74 65 67 65 72 20 73 69 67 6E 65 64 0D 0A 20 20 20 20 20 20 20 20 20 20 20 20 3C 2F 73 75 6D 6D 61 72 79 3E 0D 0A 20 20 20 20 20 20 20 20 3C 2F 6D 65 6D 62 65 72 3E 0D 0A 20 20 20 20 20 20 20 20 3C 6D 65 6D 62 65 72 20 6E 61 6D 65 3D 22 46 3A 49 6E 73 70 68 65 72 65 2E 53 65 63 73 54 6F 54 6F 6F 6C 2E 43 6F 6D 6D 6F 6E 2E 53 45 43 73 46 6F 72 6D 61 74 2E 4C 69 73 74 22 3E 0D 0A 20 20 20 20 20 20 20 20 20 20 20 20 3C 73 75 6D 6D 61 72 79 3E 0D 0A 20 20 20 20 20 20 20 20 20 20 20 20 4C 69 73 74 20 64 61 74 61 20 74 79 70 65 0D 0A 20 20 20 20 20 20 20 20 20 20 20 20 3C 2F 73 75 6D 6D 61 72 79 3E 0D 0A 20 20 20 20 20 20 20 20 3C 2F 6D 65 6D 62 65 72 3E 0D 0A 20 20 20 20 20 20 20 20 3C 6D 65 6D 62 65 72 20 6E 61 6D 65 3D 22 46 3A 49 6E 73 70 68 65 72 65 2E 53 65 63 73 54 6F 54 6F 6F 6C 2E 43 6F 6D 6D 6F 6E 2E 53 45 43 73 46 6F 72 6D 61 74 2E 55 31 22 3E 0D 0A 20 20 20 20 20 20 20 20 20 20 20 20 3C 73 75 6D 6D 61 72 79 3E 0D 0A 20 20 20 20 20 20 20 20 20 20 20 20 31 20 62 79 74 65 20 69 6E 74 65 67 65 72 20 75 6E 73 69 67 6E 65 64 0D 0A 20 20 20 20 20 20 20 20 20 20 20 20 3C 2F 73 75 6D 6D 61 72 79 3E 0D 0A 20 20 20 20 20 20 20 20 3C 2F 6D 65 6D 62 65 72 3E 0D 0A 20 20 20 20 20 20 20 20 3C 6D 65 6D 62 65 72 20 6E 61 6D 65 3D 22 46 3A 49 6E 73 70 68 65 72 65 2E 53 65 63 73 54 6F 54 6F 6F 6C 2E 43 6F 6D 6D 6F 6E 2E 53 45 43 73 46 6F 72 6D 61 74 2E 55 32 22 3E 0D 0A 20 20 20 20 20 20 20 20 20 20 20 20 3C 73 75 6D 6D 61 72 79 3E 0D 0A 20 20 20 20 20 20 20 20 20 20 20 20 32 20 62 79 74 65 73 20 69 6E 74 65 67 65 72 20 75 6E 73 69 67 6E 65 64 0D 0A 20 20 20 20 20 20 20 20 20 20 20 20 3C 2F 73 75 6D 6D 61 72 79 3E 0D 0A 20 20 20 20 20 20 20 20 3C 2F 6D 65 6D 62 65 72 3E 0D 0A 20 20 20 20 20 20 20 20 3C 6D 65 6D 62 65 72 20 6E 61 6D 65 3D 22 46 3A 49 6E 73 70 68 65 72 65 2E 53 65 63 73 54 6F 54 6F 6F 6C 2E 43 6F 6D 6D 6F 6E 2E 53 45 43 73 46 6F 72 6D 61 74 2E 55 34 22 3E 0D 0A 20 20 20 20 20 20 20 20 20 20 20 20 3C 73 75 6D 6D 61 72 79 3E 0D 0A 20 20 20 20 20 20 20 20 20 20 20 20 34 20 62 79 74 65 73 20 69 6E 74 65 67 65 72 20 75 6E 73 69 67 6E 65 64 0D 0A 20 20 20 20 20 20 20 20 20 20 20 20 3C 2F 73 75 6D 6D 61 72 79 3E 0D 0A 20 20 20 20 20 20 20 20 3C 2F 6D 65 6D 62 65 72 3E 0D 0A 20 20 20 20 20 20 20 20 3C 6D 65 6D 62 65 72 20 6E 61 6D 65 3D 22 46 3A 49 6E 73 70 68 65 72 65 2E 53 65 63 73 54 6F 54 6F 6F 6C 2E 43 6F 6D 6D 6F 6E 2E 53 45 43 73 46 6F 72 6D 61 74 2E 55 38 22 3E 0D 0A 20 20 20 20 20 20 20 20 20 20 20 20 3C 73 75 6D 6D 61 72 79 3E 0D 0A 20 20 20 20 20 20 20 20 20 20 20 20 38 20 62 79 74 65 73 20 69 6E 74 65 67 65 72 20 75 6E 73 69 67 6E 65 64 0D 0A 20 20 20 20 20 20 20 20 20 20 20 20 3C 2F 73 75 6D 6D 61 72 79 3E 0D 0A 20 20 20 20 20 20 20 20 3C 2F 6D 65 6D 62 65 72 3E 0D 0A 20 20 20 20 20 20 20 20 3C 6D 65 6D 62 65 72 20 6E 61 6D 65 3D 22 46 3A 49 6E 73 70 68 65 72 65 2E 53 65 63 73 54 6F 54 6F 6F 6C 2E 43 6F 6D 6D 6F 6E 2E 53 45 43 73 46 6F 72 6D 61 74 2E 43 68 61 72 22 3E 0D 0A 20 20 20 20 20 20 20 20 20 20 20 20 3C 73 75 6D 6D 61 72 79 3E 0D 0A 20 20 20 20 20 20 20 20 20 20 20 20 32 20 62 79 74 65 73 20 63 68 61 72 61 63 74 65 72 0D 0A 20 20 20 20 20 20 20 20 20 20 20 20 3C 2F 73 75 6D 6D 61 72 79 3E 0D 0A 20 20 20 20 20 20 20 20 3C 2F 6D 65 6D 62 65 72 3E 0D 0A 20 20 20 20 20 20 20 20 3C 6D 65 6D 62 65 72 20 6E 61 6D 65 3D 22 46 3A 49 6E 73 70 68 65 72 65 2E 53 65 63 73 54 6F 54 6F 6F 6C 2E 43 6F 6D 6D 6F 6E 2E 53 45 43 73 46 6F 72 6D 61 74 2E 55 4E 52 45 43 4F 47 4E 49 5A 45 5F 46 4F 52 4D 41 54 22 3E 0D 0A 20 20 20 20 20 20 20 20 20 20 20 20 3C 73 75 6D 6D 61 72 79 3E 0D 0A 20 20 20 20 20 20 20 20 20 20 20 20 55 6E 72 65 63 6F 67 6E 69 7A 65 20 64 61 74 61 20 74 79 70 65 0D 0A 20 20 20 20 20 20 20 20 20 20 20 20 3C 2F 73 75 6D 6D 61 72 79 3E 0D 0A 20 20 20 20 20 20 20 20 3C 2F 6D 65 6D 62 65 72 3E 0D 0A 20 20 20 20 20 20 20 20 3C 6D 65 6D 62 65 72 20 6E 61 6D 65 3D 22 54 3A 49 6E 73 70 68 65 72 65 2E 53 65 63 73 54 6F 54 6F 6F 6C 2E 43 6F 6D 6D 6F 6E 2E 53 45 43 73 49 74 65 6D 22 3E 0D 0A 20 20 20 20 20 20 20 20 20 20 20 20 3C 73 75 6D 6D 61 72 79 3E 0D 0A 20 20 20 20 20 20 20 20 20 20 20 20 52 65 70 72 65 73 65 6E 74 73 20 61 20 63 6F 6C 6C 65 63 74 69 6F 6E 20 6F 66 20 53 65 63 73 20 64 61 74 61 20 69 74 65 6D 20 74 68 61 74 20 61 72 65 20 6F 72 67 61 6E 69 7A 65 64 20 62 61 73 65 64 20 6F 6E 20 74 68 65 20 68 61 73 68 20 63 6F 64 65 20 6F 66 20 74 68 65 20 6B 65 79 0D 0A 20 20 20 20 20 20 20 20 20 20 20 20 3C 2F 73 75 6D 6D 61 72 79 3E 0D 0A 20 20 20 20 20 20 20 20 3C 2F 6D 65 6D 62 65 72 3E 0D 0A 20 20 20 20 20 20 20 20 3C 6D 65 6D 62 65 72 20 6E 61 6D 65 3D 22 4D 3A 49 6E 73 70 68 65 72 65 2E 53 65 63 73 54 6F 54 6F 6F 6C 2E 43 6F 6D 6D 6F 6E 2E 53 45 43 73 49 74 65 6D 2E 23 63 74 6F 72 22 3E 0D 0A 20 20 20 20 20 20 20 20 20 20 20 20 3C 73 75 6D 6D 61 72 79 3E 0D 0A 20 20 20 20 20 20 20 20 20 20 20 20 49 6E 69 74 69 61 6C 69 7A 65 73 20 61 20 6E 65 77 20 69 6E 73 74 61 6E 63 65 20 6F 66 20 3C 73 65 65 20 63 72 65 66 3D 22 54 3A 49 6E 73 70 68 65 72 65 2E 53 65 63 73 54 6F 54 6F 6F 6C 2E 43 6F 6D 6D 6F 6E 2E 53 45 43 73 49 74 65 6D 22 2F 3E 20 63 6C 61 73 73 20 0D 0A 20 20 20 20 20 20 20 20 20 20 20 20 3C 2F 73 75 6D 6D 61 72 79 3E 0D 0A 20 20 20 20 20 20 20 20 3C 2F 6D 65 6D 62 65 72 3E 0D 0A 20 20 20 20 20 20 20 20 3C 6D 65 6D 62 65 72 20 6E 61 6D 65 3D 22 4D 3A 49 6E 73 70 68 65 72 65 2E 53 65 63 73 54 6F 54 6F 6F 6C 2E 43 6F 6D 6D 6F 6E 2E 53 45 43 73 49 74 65 6D 2E 41 64 64 28 53 79 73 74 65 6D 2E 53 74 72 69 6E 67 29 22 3E 0D 0A 20 20 20 20 20 20 20 20 20 20 20 20 3C 73 75 6D 6D 61 72 79 3E 0D 0A 20 20 20 20 20 20 20 20 20 20 20 20 41 64 64 73 20 61 6E 20 65 6C 65 6D 65 6E 74 20 77 69 74 68 20 74 68 65 20 73 70 65 63 69 66 69 65 64 20 69 74 65 6D 20 6E 61 6D 65 0D 0A 20 20 20 20 20 20 20 20 20 20 20 20 3C 2F 73 75 6D 6D 61 72 79 3E 0D 0A 20 20 20 20 20 20 20 20 20 20 20 20 3C 70 61 72 61 6D 20 6E 61 6D 65 3D 22 6E 61 6D 65 22 3E 49 74 65 6D 20 6E 61 6D 65 20 6F 72 20 6B 65 79 20 6F 66 20 74 68 65 20 69 74 65 6D 3C 2F 70 61 72 61 6D 3E 0D 0A 20 20 20 20 20 20 20 20 3C 2F 6D 65 6D 62 65 72 3E 0D 0A 20 20 20 20 20 20 20 20 3C 6D 65 6D 62 65 72 20 6E 61 6D 65 3D 22 4D 3A 49 6E 73 70 68 65 72 65 2E 53 65 63 73 54 6F 54 6F 6F 6C 2E 43 6F 6D 6D 6F 6E 2E 53 45 43 73 49 74 65 6D 2E 41 64 64 28 53 79 73 74 65 6D 2E 53 74 72 69 6E 67 2C 53 79 73 74 65 6D 2E 4F 62 6A 65 63 74 29 22 3E 0D 0A 20 20 20 20 20 20 20 20 20 20 20 20 3C 73 75 6D 6D 61 72 79 3E 0D 0A 20 20 20 20 20 20 20 20 20 20 20 20 41 64 64 73 20 61 6E 20 65 6C 65 6D 65 6E 74 20 77 69 74 68 20 74 68 65 20 73 70 65 63 69 66 69 65 64 20 69 74 65 6D 20 6E 61 6D 65 20 61 6E 64 20 76 61 6C 75 65 0D 0A 20 20 20 20 20 20 20 20 20 20 20 20 3C 2F 73 75 6D 6D 61 72 79 3E 0D 0A 20 20 20 20 20 20 20 20 20 20 20 20 3C 70 61 72 61 6D 20 6E 61 6D 65 3D 22 6E 61 6D 65 22 3E 49 74 65 6D 20 6E 61 6D 65 20 6F 72 20 6B 65 79 20 6F 66 20 74 68 65 20 69 74 65 6D 3C 2F 70 61 72 61 6D 3E 0D 0A 20 20 20 20 20 20 20 20 20 20 20 20 3C 70 61 72 61 6D 20 6E 61 6D 65 3D 22 6F 76 61 6C 75 65 22 3E 56 61 6C 75 65 20 6F 66 20 74 68 65 20 69 74 65 6D 3C 2F 70 61 72 61 6D 3E 0D 0A 20 20 20 20 20 20 20 20 3C 2F 6D 65 6D 62 65 72 3E 0D 0A 20 20 20 20 20 20 20 20 3C 6D 65 6D 62 65 72 20 6E 61 6D 65 3D 22 4D 3A 49 6E 73 70 68 65 72 65 2E 53 65 63 73 54 6F 54 6F 6F 6C 2E 43 6F 6D 6D 6F 6E 2E 53 45 43 73 49 74 65 6D 2E 41 64 64 22 3E 0D 0A 20 20 20 20 20 20 20 20 20 20 20 20 3C 73 75 6D 6D 61 72 79 3E 0D 0A 20 20 20 20 20 20 20 20 20 20 20 20 41 64 64 73 20 61 6E 20 65 6C 65 6D 65 6E 74 20 77 69 74 68 20 61 20 64 65 66 61 75 6C 74 20 53 45 43 73 49 74 65 6D 20 63 6F 6E 73 74 72 75 63 74 6F 72 2E 0D 0A 20 20 20 20 20 20 20 20 20 20 20 20 3C 2F 73 75 6D 6D 61 72 79 3E 0D 0A 20 20 20 20 20 20 20 20 3C 2F 6D 65 6D 62 65 72 3E 0D 0A 20 20 20 20 20 20 20 20 3C 6D 65 6D 62 65 72 20 6E 61 6D 65 3D 22 4D 3A 49 6E 73 70 68 65 72 65 2E 53 65 63 73 54 6F 54 6F 6F 6C 2E 43 6F 6D 6D 6F 6E 2E 53 45 43 73 49 74 65 6D 2E 41 64 64 28 53 79 73 74 65 6D 2E 53 74 72 69 6E 67 2C 49 6E 73 70 68 65 72 65 2E 53 65 63 73 54 6F 54 6F 6F 6C 2E 43 6F 6D 6D 6F 6E 2E 53 45 43 73 46 6F 72 6D 61 74 2C 53 79 73 74 65 6D 2E 4F 62 6A 65 63 74 29 22 3E 0D 0A 20 20 20 20 20 20 20 20 20 20 20 20 3C 73 75 6D 6D 61 72 79 3E 0D 0A 20 20 20 20 20 20 20 20 20 20 20 20 41 64 64 73 20 61 6E 20 65 6C 65 6D 65 6E 74 20 77 69 74 68 20 74 68 65 20 73 70 65 63 69 66 69 65 64 20 69 74 65 6D 20 6E 61 6D 65 2C 20 66 6F 72 6D 61 74 20 61 6E 64 20 76 61 6C 75 65 0D 0A 20 20 20 20 20 20 20 20 20 20 20 20 3C 2F 73 75 6D 6D 61 72 79 3E 0D 0A 20 20 20 20 20 20 20 20 20 20 20 20 3C 70 61 72 61 6D 20 6E 61 6D 65 3D 22 6E 61 6D 65 22 3E 49 74 65 6D 20 6E 61 6D 65 20 6F 72 20 6B 65 79 20 6F 66 20 74 68 65 20 69 74 65 6D 3C 2F 70 61 72 61 6D 3E 0D 0A 20 20 20 20 20 20 20 20 20 20 20 20 3C 70 61 72 61 6D 20 6E 61 6D 65 3D 22 66 6F 72 6D 61 74 22 3E 46 6F 72 6D 61 74 20 6F 66 20 74 68 65 20 69 74 65 6D 3C 2F 70 61 72 61 6D 3E 0D 0A 20 20 20 20 20 20 20 20 20 20 20 20 3C 70 61 72 61 6D 20 6E 61 6D 65 3D 22 6F 76 61 6C 75 65 22 3E 56 61 6C 75 65 20 6F 66 20 74 68 65 20 69 74 65 6D 3C 2F 70 61 72 61 6D 3E 0D 0A 20 20 20 20 20 20 20 20 3C 2F 6D 65 6D 62 65 72 3E 0D 0A 20 20 20 20 20 20 20 20 3C 6D 65 6D 62 65 72 20 6E 61 6D 65 3D 22 4D 3A 49 6E 73 70 68 65 72 65 2E 53 65 63 73 54 6F 54 6F 6F 6C 2E 43 6F 6D 6D 6F 6E 2E 53 45 43 73 49 74 65 6D 2E 41 64 64 28 49 6E 73 70 68 65 72 65 2E 53 65 63 73 54 6F 54 6F 6F 6C 2E 43 6F 6D 6D 6F 6E 2E 53 45 43 73 49 74 65 6D 29 22 3E 0D 0A 20 20 20 20 20 20 20 20 20 20 20 20 3C 73 75 6D 6D 61 72 79 3E 0D 0A 20 20 20 20 20 20 20 20 20 20 20 20 41 64 64 73 20 61 6E 20 65 6C 65 6D 65 6E 74 20 77 69 74 68 20 74 68 65 20 73 70 65 63 69 66 69 65 64 20 53 45 43 73 49 74 65 6D 20 6F 62 6A 65 63 74 0D 0A 20 20 20 20 20 20 20 20 20 20 20 20 3C 2F 73 75 6D 6D 61 72 79 3E 0D 0A 20 20 20 20 20 20 20 20 20 20 20 20 3C 70 61 72 61 6D 20 6E 61 6D 65 3D 22 69 74 65 6D 22 3E 53 45 43 73 49 74 65 6D 20 6F 62 6A 65 63 74 3C 2F 70 61 72 61 6D 3E 0D 0A 20 20 20 20 20 20 20 20 3C 2F 6D 65 6D 62 65 72 3E 0D 0A 20 20 20 20 20 20 20 20 3C 6D 65 6D 62 65 72 20 6E 61 6D 65 3D 22 4D 3A 49 6E 73 70 68 65 72 65 2E 53 65 63 73 54 6F 54 6F 6F 6C 2E 43 6F 6D 6D 6F 6E 2E 53 45 43 73 49 74 65 6D 2E 49 74 65 6D 73 28 53 79 73 74 65 6D 2E 49 6E 74 33 32 29 22 3E 0D 0A 20 20 20 20 20 20 20 20 20 20 20 20 3C 73 75 6D 6D 61 72 79 3E 0D 0A 20 20 20 20 20 20 20 20 20 20 20 20 52 65 74 75 72 6E 20 74 68 65 20 53 45 43 73 49 74 65 6D 20 6F 62 6A 65 63 74 20 73 70 65 63 69 66 69 65 64 20 77 69 74 68 20 74 68 65 20 49 6E 64 65 78 20 4B 65 79 0D 0A 20 20 20 20 20 20 20 20 20 20 20 20 3C 2F 73 75 6D 6D 61 72 79 3E 0D 0A 20 20 20 20 20 20 20 20 20 20 20 20 3C 70 61 72 61 6D 20 6E 61 6D 65 3D 22 69 6E 64 65 78 22 3E 49 6E 64 65 78 20 6B 65 79 3C 2F 70 61 72 61 6D 3E 0D 0A 20 20 20 20 20 20 20 20 20 20 20 20 3C 72 65 74 75 72 6E 73 3E 3C 73 65 65 20 63 72 65 66 3D 22 54 3A 49 6E 73 70 68 65 72 65 2E 53 65 63 73 54 6F 54 6F 6F 6C 2E 43 6F 6D 6D 6F 6E 2E 53 45 43 73 49 74 65 6D 22 2F 3E 3C 2F 72 65 74 75 72 6E 73 3E 0D 0A 20 20 20 20 20 20 20 20 3C 2F 6D 65 6D 62 65 72 3E 0D 0A 20 20 20 20 20 20 20 20 3C 6D 65 6D 62 65 72 20 6E 61 6D 65 3D 22 4D 3A 49 6E 73 70 68 65 72 65 2E 53 65 63 73 54 6F 54 6F 6F 6C 2E 43 6F 6D 6D 6F 6E 2E 53 45 43 73 49 74 65 6D 2E 49 74 65 6D 73 28 53 79 73 74 65 6D 2E 53 74 72 69 6E 67 29 22 3E 0D 0A 20 20 20 20 20 20 20 20 20 20 20 20 3C 73 75 6D 6D 61 72 79 3E 0D 0A 20 20 20 20 20 20 20 20 20 20 20 20 52 65 74 75 72 6E 20 74 68 65 20 53 45 43 73 49 74 65 6D 20 6F 62 6A 65 63 74 20 73 70 65 63 69 66 69 65 64 20 77 69 74 68 20 74 68 65 20 49 74 65 6D 20 4E 61 6D 65 0D 0A 20 20 20 20 20 20 20 20 20 20 20 20 3C 2F 73 75 6D 6D 61 72 79 3E 0D 0A 20 20 20 20 20 20 20 20 20 20 20 20 3C 70 61 72 61 6D 20 6E 61 6D 65 3D 22 6E 61 6D 65 22 3E 49 74 65 6D 20 6B 65 79 20 6E 61 6D 65 3C 2F 70 61 72 61 6D 3E 0D 0A 20 20 20 20 20 20 20 20 20 20 20 20 3C 72 65 74 75 72 6E 73 3E 3C 73 65 65 20 63 72 65 66 3D 22 54 3A 49 6E 73 70 68 65 72 65 2E 53 65 63 73 54 6F 54 6F 6F 6C 2E 43 6F 6D 6D 6F 6E 2E 53 45 43 73 49 74 65 6D 22 2F 3E 3C 2F 72 65 74 75 72 6E 73 3E 0D 0A 20 20 20 20 20 20 20 20 3C 2F 6D 65 6D 62 65 72 3E 0D 0A 20 20 20 20 20 20 20 20 3C 6D 65 6D 62 65 72 20 6E 61 6D 65 3D 22 4D 3A 49 6E 73 70 68 65 72 65 2E 53 65 63 73 54 6F 54 6F 6F 6C 2E 43 6F 6D 6D 6F 6E 2E 53 45 43 73 49 74 65 6D 2E 45 78 69 73 74 73 28 53 79 73 74 65 6D 2E 53 74 72 69 6E 67 29 22 3E 0D 0A 20 20 20 20 20 20 20 20 20 20 20 20 3C 73 75 6D 6D 61 72 79 3E 0D 0A 20 20 20 20 20 20 20 20 20 20 20 20 52 65 74 75 72 6E 20 77 68 65 74 68 65 72 20 74 68 65 20 53 45 43 73 49 74 65 6D 20 69 73 20 65 78 69 73 74 73 20 77 69 74 68 20 61 20 73 70 65 63 69 66 69 65 64 20 49 74 65 6D 20 4E 61 6D 65 0D 0A 20 20 20 20 20 20 20 20 20 20 20 20 3C 2F 73 75 6D 6D 61 72 79 3E 0D 0A 20 20 20 20 20 20 20 20 20 20 20 20 3C 70 61 72 61 6D 20 6E 61 6D 65 3D 22 6E 61 6D 65 22 3E 49 74 65 6D 20 6E 61 6D 65 3C 2F 70 61 72 61 6D 3E 0D 0A 20 20 20 20 20 20 20 20 20 20 20 20 3C 72 65 74 75 72 6E 73 3E 74 72 75 65 2F 66 61 6C 73 65 3C 2F 72 65 74 75 72 6E 73 3E 0D 0A 20 20 20 20 20 20 20 20 3C 2F 6D 65 6D 62 65 72 3E 0D 0A 20 20 20 20 20 20 20 20 3C 6D 65 6D 62 65 72 20 6E 61 6D 65 3D 22 4D 3A 49 6E 73 70 68 65 72 65 2E 53 65 63 73 54 6F 54 6F 6F 6C 2E 43 6F 6D 6D 6F 6E 2E 53 45 43 73 49 74 65 6D 2E 52 65 6D 6F 76 65 28 53 79 73 74 65 6D 2E 53 74 72 69 6E 67 29 22 3E 0D 0A 20 20 20 20 20 20 20 20 20 20 20 20 3C 73 75 6D 6D 61 72 79 3E 0D 0A 20 20 20 20 20 20 20 20 20 20 20 20 52 65 6D 6F 76 65 20 61 6E 20 65 6C 65 6D 65 6E 74 20 73 70 65 63 69 66 69 65 64 20 77 69 74 68 20 49 74 65 6D 20 4E 61 6D 65 0D 0A 20 20 20 20 20 20 20 20 20 20 20 20 3C 2F 73 75 6D 6D 61 72 79 3E 0D 0A 20 20 20 20 20 20 20 20 20 20 20 20 3C 70 61 72 61 6D 20 6E 61 6D 65 3D 22 6E 61 6D 65 22 3E 49 74 65 6D 20 6E 61 6D 65 3C 2F 70 61 72 61 6D 3E 0D 0A 20 20 20 20 20 20 20 20 3C 2F 6D 65 6D 62 65 72 3E 0D 0A 20 20 20 20 20 20 20 20 3C 6D 65 6D 62 65 72 20 6E 61 6D 65 3D 22 50 3A 49 6E 73 70 68 65 72 65 2E 53 65 63 73 54 6F 54 6F 6F 6C 2E 43 6F 6D 6D 6F 6E 2E 53 45 43 73 49 74 65 6D 2E 4E 61 6D 65 22 3E 0D 0A 20 20 20 20 20 20 20 20 20 20 20 20 3C 73 75 6D 6D 61 72 79 3E 0D 0A 20 20 20 20 20 20 20 20 20 20 20 20 47 65 74 73 20 6F 72 20 73 65 74 73 20 74 68 65 20 6E 61 6D 65 20 6F 66 20 74 68 65 20 69 74 65 6D 0D 0A 20 20 20 20 20 20 20 20 20 20 20 20 3C 2F 73 75 6D 6D 61 72 79 3E 0D 0A 20 20 20 20 20 20 20 20 3C 2F 6D 65 6D 62 65 72 3E 0D 0A 20 20 20 20 20 20 20 20 3C 6D 65 6D 62 65 72 20 6E 61 6D 65 3D 22 50 3A 49 6E 73 70 68 65 72 65 2E 53 65 63 73 54 6F 54 6F 6F 6C 2E 43 6F 6D 6D 6F 6E 2E 53 45 43 73 49 74 65 6D 2E 56 61 6C 75 65 22 3E 0D 0A 20 20 20 20 20 20 20 20 20 20 20 20 3C 73 75 6D 6D 61 72 79 3E 0D 0A 20 20 20 20 20 20 20 20 20 20 20 20 47 65 74 73 20 6F 72 20 73 65 74 73 20 74 68 65 20 76 61 6C 75 65 20 6F 66 20 74 68 65 20 69 74 65 6D 0D 0A 20 20 20 20 20 20 20 20 20 20 20 20 3C 2F 73 75 6D 6D 61 72 79 3E 0D 0A 20 20 20 20 20 20 20 20 3C 2F 6D 65 6D 62 65 72 3E 0D 0A 20 20 20 20 20 20 20 20 3C 6D 65 6D 62 65 72 20 6E 61 6D 65 3D 22 50 3A 49 6E 73 70 68 65 72 65 2E 53 65 63 73 54 6F 54 6F 6F 6C 2E 43 6F 6D 6D 6F 6E 2E 53 45 43 73 49 74 65 6D 2E 46 6F 72 6D 61 74 22 3E 0D 0A 20 20 20 20 20 20 20 20 20 20 20 20 3C 73 75 6D 6D 61 72 79 3E 0D 0A 20 20 20 20 20 20 20 20 20 20 20 20 47 65 74 73 20 6F 72 20 73 65 74 73 20 74 68 65 20 53 65 63 73 20 46 6F 72 6D 61 74 20 6F 66 20 74 68 65 20 69 74 65 6D 0D 0A 20 20 20 20 20 20 20 20 20 20 20 20 3C 2F 73 75 6D 6D 61 72 79 3E 0D 0A 20 20 20 20 20 20 20 20 3C 2F 6D 65 6D 62 65 72 3E 0D 0A 20 20 20 20 20 20 20 20 3C 6D 65 6D 62 65 72 20 6E 61 6D 65 3D 22 50 3A 49 6E 73 70 68 65 72 65 2E 53 65 63 73 54 6F 54 6F 6F 6C 2E 43 6F 6D 6D 6F 6E 2E 53 45 43 73 49 74 65 6D 2E 54 61 67 22 3E 0D 0A 20 20 20 20 20 20 20 20 20 20 20 20 3C 73 75 6D 6D 61 72 79 3E 0D 0A 20 20 20 20 20 20 20 20 20 20 20 20 47 65 74 73 20 6F 72 20 73 65 74 73 20 6D 75 6C 74 69 2D 70 75 72 70 6F 73 65 20 54 61 67 2E 20 43 61 6E 20 62 65 20 75 73 65 64 20 74 6F 20 68 6F 6C 64 20 61 6E 79 20 74 79 70 65 20 6F 66 20 64 61 74 61 0D 0A 20 20 20 20 20 20 20 20 20 20 20 20 3C 2F 73 75 6D 6D 61 72 79 3E 0D 0A 20 20 20 20 20 20 20 20 3C 2F 6D 65 6D 62 65 72 3E 0D 0A 20 20 20 20 20 20 20 20 3C 6D 65 6D 62 65 72 20 6E 61 6D 65 3D 22 50 3A 49 6E 73 70 68 65 72 65 2E 53 65 63 73 54 6F 54 6F 6F 6C 2E 43 6F 6D 6D 6F 6E 2E 53 45 43 73 49 74 65 6D 2E 49 74 65 6D 28 53 79 73 74 65 6D 2E 49 6E 74 33 32 29 22 3E 0D 0A 20 20 20 20 20 20 20 20 20 20 20 20 3C 73 75 6D 6D 61 72 79 3E 0D 0A 20 20 20 20 20 20 20 20 20 20 20 20 47 65 74 73 20 74 68 65 20 53 45 43 73 49 74 65 6D 20 6F 62 6A 65 63 74 20 73 70 65 63 69 66 69 65 64 20 77 69 74 68 20 74 68 65 20 49 6E 64 65 78 20 4B 65 79 0D 0A 20 20 20 20 20 20 20 20 20 20 20 20 3C 2F 73 75 6D 6D 61 72 79 3E 0D 0A 20 20 20 20 20 20 20 20 3C 2F 6D 65 6D 62 65 72 3E 0D 0A 20 20 20 20 20 20 20 20 3C 6D 65 6D 62 65 72 20 6E 61 6D 65 3D 22 50 3A 49 6E 73 70 68 65 72 65 2E 53 65 63 73 54 6F 54 6F 6F 6C 2E 43 6F 6D 6D 6F 6E 2E 53 45 43 73 49 74 65 6D 2E 49 74 65 6D 28 53 79 73 74 65 6D 2E 53 74 72 69 6E 67 29 22 3E 0D 0A 20 20 20 20 20 20 20 20 20 20 20 20 3C 73 75 6D 6D 61 72 79 3E 0D 0A 20 20 20 20 20 20 20 20 20 20 20 20 47 65 74 73 20 74 68 65 20 53 45 43 73 49 74 65 6D 20 6F 62 6A 65 63 74 20 73 70 65 63 69 66 69 65 64 20 77 69 74 68 20 74 68 65 20 49 74 65 6D 20 4E 61 6D 65 0D 0A 20 20 20 20 20 20 20 20 20 20 20 20 3C 2F 73 75 6D 6D 61 72 79 3E 0D 0A 20 20 20 20 20 20 20 20 3C 2F 6D 65 6D 62 65 72 3E 0D 0A 20 20 20 20 20 20 20 20 3C 6D 65 6D 62 65 72 20 6E 61 6D 65 3D 22 50 3A 49 6E 73 70 68 65 72 65 2E 53 65 63 73 54 6F 54 6F 6F 6C 2E 43 6F 6D 6D 6F 6E 2E 53 45 43 73 49 74 65 6D 2E 43 6F 75 6E 74 22 3E 0D 0A 20 20 20 20 20 20 20 20 20 20 20 20 3C 73 75 6D 6D 61 72 79 3E 0D 0A 20 20 20 20 20 20 20 20 20 20 20 20 52 65 74 75 72 6E 20 74 68 65 20 74 6F 74 61 6C 20 63 6F 75 6E 74 20 6F 66 20 74 68 65 20 65 6C 65 6D 65 6E 74 73 20 69 6E 20 74 68 65 20 53 45 43 73 49 74 65 6D 0D 0A 20 20 20 20 20 20 20 20 20 20 20 20 3C 2F 73 75 6D 6D 61 72 79 3E 0D 0A 20 20 20 20 20 20 20 20 3C 2F 6D 65 6D 62 65 72 3E 0D 0A 20 20 20 20 20 20 20 20 3C 6D 65 6D 62 65 72 20 6E 61 6D 65 3D 22 54 3A 49 6E 73 70 68 65 72 65 2E 53 65 63 73 54 6F 54 6F 6F 6C 2E 43 6F 6D 6D 6F 6E 2E 53 45 43 73 4D 65 73 73 61 67 65 22 3E 0D 0A 20 20 20 20 20 20 20 20 20 20 20 20 3C 73 75 6D 6D 61 72 79 3E 0D 0A 20 20 20 20 20 20 20 20 20 20 20 20 52 65 70 72 65 73 65 6E 74 73 20 74 68 65 20 53 45 43 53 20 49 49 20 6D 65 73 73 61 67 65 20 77 69 74 68 20 61 20 64 79 6E 61 6D 69 63 20 73 74 72 75 63 74 75 72 65 0D 0A 20 20 20 20 20 20 20 20 20 20 20 20 3C 2F 73 75 6D 6D 61 72 79 3E 0D 0A 20 20 20 20 20 20 20 20 3C 2F 6D 65 6D 62 65 72 3E 0D 0A 20 20 20 20 20 20 20 20 3C 6D 65 6D 62 65 72 20 6E 61 6D 65 3D 22 4D 3A 49 6E 73 70 68 65 72 65 2E 53 65 63 73 54 6F 54 6F 6F 6C 2E 43 6F 6D 6D 6F 6E 2E 53 45 43 73 4D 65 73 73 61 67 65 2E 23 63 74 6F 72 22 3E 0D 0A 20 20 20 20 20 20 20 20 20 20 20 20 3C 73 75 6D 6D 61 72 79 3E 0D 0A 20 20 20 20 20 20 20 20 20 20 20 20 49 6E 69 74 69 61 6C 69 7A 65 73 20 61 20 6E 65 77 20 69 6E 73 74 61 6E 63 65 20 6F 66 20 3C 73 65 65 20 63 72 65 66 3D 22 54 3A 49 6E 73 70 68 65 72 65 2E 53 65 63 73 54 6F 54 6F 6F 6C 2E 43 6F 6D 6D 6F 6E 2E 53 45 43 73 4D 65 73 73 61 67 65 22 2F 3E 20 63 6C 61 73 73 0D 0A 20 20 20 20 20 20 20 20 20 20 20 20 3C 2F 73 75 6D 6D 61 72 79 3E 0D 0A 20 20 20 20 20 20 20 20 3C 2F 6D 65 6D 62 65 72 3E 0D 0A 20 20 20 20 20 20 20 20 3C 6D 65 6D 62 65 72 20 6E 61 6D 65 3D 22 50 3A 49 6E 73 70 68 65 72 65 2E 53 65 63 73 54 6F 54 6F 6F 6C 2E 43 6F 6D 6D 6F 6E 2E 53 45 43 73 4D 65 73 73 61 67 65 2E 46 75 6E 63 74 69 6F 6E 22 3E 0D 0A 20 20 20 20 20 20 20 20 20 20 20 20 3C 73 75 6D 6D 61 72 79 3E 0D 0A 20 20 20 20 20 20 20 20 20 20 20 20 47 65 74 73 20 6F 72 20 73 65 74 73 20 74 68 65 20 46 75 6E 63 74 69 6F 6E 20 49 64 20 6F 66 20 74 68 65 20 53 45 43 53 20 49 49 20 6D 65 73 73 61 67 65 0D 0A 20 20 20 20 20 20 20 20 20 20 20 20 3C 2F 73 75 6D 6D 61 72 79 3E 0D 0A 20 20 20 20 20 20 20 20 3C 2F 6D 65 6D 62 65 72 3E 0D 0A 20 20 20 20 20 20 20 20 3C 6D 65 6D 62 65 72 20 6E 61 6D 65 3D 22 50 3A 49 6E 73 70 68 65 72 65 2E 53 65 63 73 54 6F 54 6F 6F 6C 2E 43 6F 6D 6D 6F 6E 2E 53 45 43 73 4D 65 73 73 61 67 65 2E 53 74 72 65 61 6D 22 3E 0D 0A 20 20 20 20 20 20 20 20 20 20 20 20 3C 73 75 6D 6D 61 72 79 3E 0D 0A 20 20 20 20 20 20 20 20 20 20 20 20 47 65 74 73 20 6F 72 20 73 65 74 73 20 74 68 65 20 53 74 72 65 61 6D 20 49 64 20 6F 66 20 74 68 65 20 53 45 43 53 20 49 49 20 6D 65 73 73 61 67 65 0D 0A 20 20 20 20 20 20 20 20 20 20 20 20 3C 2F 73 75 6D 6D 61 72 79 3E 0D 0A 20 20 20 20 20 20 20 20 3C 2F 6D 65 6D 62 65 72 3E 0D 0A 20 20 20 20 20 20 20 20 3C 6D 65 6D 62 65 72 20 6E 61 6D 65 3D 22 50 3A 49 6E 73 70 68 65 72 65 2E 53 65 63 73 54 6F 54 6F 6F 6C 2E 43 6F 6D 6D 6F 6E 2E 53 45 43 73 4D 65 73 73 61 67 65 2E 44 61 74 61 49 74 65 6D 22 3E 0D 0A 20 20 20 20 20 20 20 20 20 20 20 20 3C 73 75 6D 6D 61 72 79 3E 0D 0A 20 20 20 20 20 20 20 20 20 20 20 20 47 65 74 73 20 74 68 65 20 63 6F 6E 74 65 6E 74 73 20 6F 66 20 74 68 65 20 53 45 43 53 20 49 49 20 6D 65 73 73 61 67 65 0D 0A 20 20 20 20 20 20 20 20 20 20 20 20 3C 2F 73 75 6D 6D 61 72 79 3E 0D 0A 20 20 20 20 20 20 20 20 3C 2F 6D 65 6D 62 65 72 3E 0D 0A 20 20 20 20 20 20 20 20 3C 6D 65 6D 62 65 72 20 6E 61 6D 65 3D 22 54 3A 49 6E 73 70 68 65 72 65 2E 53 65 63 73 54 6F 54 6F 6F 6C 2E 43 6F 6D 6D 6F 6E 2E 53 45 43 73 54 72 61 6E 73 61 63 74 69 6F 6E 22 3E 0D 0A 20 20 20 20 20 20 20 20 20 20 20 20 3C 73 75 6D 6D 61 72 79 3E 0D 0A 20 20 20 20 20 20 20 20 20 20 20 20 52 65 70 72 65 73 65 6E 74 73 20 74 68 65 20 69 6E 74 65 72 63 68 61 6E 67 65 20 6F 66 20 6D 65 73 73 61 67 65 73 20 74 68 61 74 27 73 20 67 6F 76 65 72 6E 65 64 20 62 79 20 61 20 73 65 74 20 6F 66 20 72 75 6C 65 73 20 66 6F 72 20 68 61 6E 64 6C 69 6E 67 20 74 68 65 20 6D 65 73 73 61 67 65 2E 0D 0A 20 20 20 20 20 20 20 20 20 20 20 20 3C 2F 73 75 6D 6D 61 72 79 3E 0D 0A 20 20 20 20 20 20 20 20 3C 2F 6D 65 6D 62 65 72 3E 0D 0A 20 20 20 20 20 20 20 20 3C 6D 65 6D 62 65 72 20 6E 61 6D 65 3D 22 4D 3A 49 6E 73 70 68 65 72 65 2E 53 65 63 73 54 6F 54 6F 6F 6C 2E 43 6F 6D 6D 6F 6E 2E 53 45 43 73 54 72 61 6E 73 61 63 74 69 6F 6E 2E 23 63 74 6F 72 22 3E 0D 0A 20 20 20 20 20 20 20 20 20 20 20 20 3C 73 75 6D 6D 61 72 79 3E 0D 0A 20 20 20 20 20 20 20 20 20 20 20 20 49 6E 69 74 69 61 6C 69 7A 65 73 20 61 20 6E 65 77 20 69 6E 73 74 61 6E 63 65 20 6F 66 20 3C 73 65 65 20 63 72 65 66 3D 22 54 3A 49 6E 73 70 68 65 72 65 2E 53 65 63 73 54 6F 54 6F 6F 6C 2E 43 6F 6D 6D 6F 6E 2E 53 45 43 73 54 72 61 6E 73 61 63 74 69 6F 6E 22 2F 3E 20 63 6C 61 73 73 0D 0A 20 20 20 20 20 20 20 20 20 20 20 20 3C 2F 73 75 6D 6D 61 72 79 3E 0D 0A 20 20 20 20 20 20 20 20 3C 2F 6D 65 6D 62 65 72 3E 0D 0A 20 20 20 20 20 20 20 20 3C 6D 65 6D 62 65 72 20 6E 61 6D 65 3D 22 50 3A 49 6E 73 70 68 65 72 65 2E 53 65 63 73 54 6F 54 6F 6F 6C 2E 43 6F 6D 6D 6F 6E 2E 53 45 43 73 54 72 61 6E 73 61 63 74 69 6F 6E 2E 53 79 6E 63 22 3E 0D 0A 20 20 20 20 20 20 20 20 20 20 20 20 3C 73 75 6D 6D 61 72 79 3E 0D 0A 20 20 20 20 20 20 20 20 20 20 20 20 47 65 74 73 20 6F 72 20 73 65 74 73 20 74 68 65 20 74 72 61 6E 73 61 63 74 69 6F 6E 20 53 79 6E 63 68 72 6F 6E 6F 75 73 20 66 6C 61 67 0D 0A 20 20 20 20 20 20 20 20 20 20 20 20 3C 2F 73 75 6D 6D 61 72 79 3E 0D 0A 20 20 20 20 20 20 20 20 3C 2F 6D 65 6D 62 65 72 3E 0D 0A 20 20 20 20 20 20 20 20 3C 6D 65 6D 62 65 72 20 6E 61 6D 65 3D 22 50 3A 49 6E 73 70 68 65 72 65 2E 53 65 63 73 54 6F 54 6F 6F 6C 2E 43 6F 6D 6D 6F 6E 2E 53 45 43 73 54 72 61 6E 73 61 63 74 69 6F 6E 2E 49 64 22 3E 0D 0A 20 20 20 20 20 20 20 20 20 20 20 20 3C 73 75 6D 6D 61 72 79 3E 0D 0A 20 20 20 20 20 20 20 20 20 20 20 20 47 65 74 73 20 6F 72 20 73 65 74 73 20 74 68 65 20 74 72 61 6E 73 61 63 74 69 6F 6E 20 49 64 0D 0A 20 20 20 20 20 20 20 20 20 20 20 20 3C 2F 73 75 6D 6D 61 72 79 3E 0D 0A 20 20 20 20 20 20 20 20 3C 2F 6D 65 6D 62 65 72 3E 0D 0A 20 20 20 20 20 20 20 20 3C 6D 65 6D 62 65 72 20 6E 61 6D 65 3D 22 50 3A 49 6E 73 70 68 65 72 65 2E 53 65 63 73 54 6F 54 6F 6F 6C 2E 43 6F 6D 6D 6F 6E 2E 53 45 43 73 54 72 61 6E 73 61 63 74 69 6F 6E 2E 44 65 76 69 63 65 49 64 22 3E 0D 0A 20 20 20 20 20 20 20 20 20 20 20 20 3C 73 75 6D 6D 61 72 79 3E 0D 0A 20 20 20 20 20 20 20 20 20 20 20 20 47 65 74 73 20 6F 72 20 73 65 74 73 20 74 68 65 20 65 71 75 69 70 6D 65 6E 74 20 44 65 76 69 63 65 20 49 64 0D 0A 20 20 20 20 20 20 20 20 20 20 20 20 3C 2F 73 75 6D 6D 61 72 79 3E 0D 0A 20 20 20 20 20 20 20 20 3C 2F 6D 65 6D 62 65 72 3E 0D 0A 20 20 20 20 20 20 20 20 3C 6D 65 6D 62 65 72 20 6E 61 6D 65 3D 22 50 3A 49 6E 73 70 68 65 72 65 2E 53 65 63 73 54 6F 54 6F 6F 6C 2E 43 6F 6D 6D 6F 6E 2E 53 45 43 73 54 72 61 6E 73 61 63 74 69 6F 6E 2E 4E 61 6D 65 22 3E 0D 0A 20 20 20 20 20 20 20 20 20 20 20 20 3C 73 75 6D 6D 61 72 79 3E 0D 0A 20 20 20 20 20 20 20 20 20 20 20 20 47 65 74 73 20 6F 72 20 73 65 74 73 20 74 68 65 20 74 72 61 6E 73 61 63 74 69 6F 6E 20 4E 61 6D 65 0D 0A 20 20 20 20 20 20 20 20 20 20 20 20 3C 2F 73 75 6D 6D 61 72 79 3E 0D 0A 20 20 20 20 20 20 20 20 3C 2F 6D 65 6D 62 65 72 3E 0D 0A 20 20 20 20 20 20 20 20 3C 6D 65 6D 62 65 72 20 6E 61 6D 65 3D 22 50 3A 49 6E 73 70 68 65 72 65 2E 53 65 63 73 54 6F 54 6F 6F 6C 2E 43 6F 6D 6D 6F 6E 2E 53 45 43 73 54 72 61 6E 73 61 63 74 69 6F 6E 2E 54 61 67 22 3E 0D 0A 20 20 20 20 20 20 20 20 20 20 20 20 3C 73 75 6D 6D 61 72 79 3E 0D 0A 20 20 20 20 20 20 20 20 20 20 20 20 47 65 74 73 20 6F 72 20 73 65 74 73 20 74 68 65 20 6D 75 6C 74 69 2D 70 75 72 70 6F 73 65 20 74 72 61 6E 73 61 63 74 69 6F 6E 20 54 61 67 0D 0A 20 20 20 20 20 20 20 20 20 20 20 20 3C 2F 73 75 6D 6D 61 72 79 3E 0D 0A 20 20 20 20 20 20 20 20 3C 2F 6D 65 6D 62 65 72 3E 0D 0A 20 20 20 20 20 20 20 20 3C 6D 65 6D 62 65 72 20 6E 61 6D 65 3D 22 50 3A 49 6E 73 70 68 65 72 65 2E 53 65 63 73 54 6F 54 6F 6F 6C 2E 43 6F 6D 6D 6F 6E 2E 53 45 43 73 54 72 61 6E 73 61 63 74 69 6F 6E 2E 4E 65 65 64 52 65 70 6C 79 22 3E 0D 0A 20 20 20 20 20 20 20 20 20 20 20 20 3C 73 75 6D 6D 61 72 79 3E 0D 0A 20 20 20 20 20 20 20 20 20 20 20 20 47 65 74 73 20 6F 72 20 73 65 74 73 20 77 68 65 74 68 65 72 20 74 68 65 20 73 65 6E 64 65 72 20 72 65 71 75 69 72 65 73 20 74 6F 20 77 61 69 74 20 66 6F 72 20 74 68 65 20 72 65 70 6C 79 0D 0A 20 20 20 20 20 20 20 20 20 20 20 20 3C 2F 73 75 6D 6D 61 72 79 3E 0D 0A 20 20 20 20 20 20 20 20 3C 2F 6D 65 6D 62 65 72 3E 0D 0A 20 20 20 20 20 20 20 20 3C 6D 65 6D 62 65 72 20 6E 61 6D 65 3D 22 50 3A 49 6E 73 70 68 65 72 65 2E 53 65 63 73 54 6F 54 6F 6F 6C 2E 43 6F 6D 6D 6F 6E 2E 53 45 43 73 54 72 61 6E 73 61 63 74 69 6F 6E 2E 50 72 69 6D 61 72 79 22 3E 0D 0A 20 20 20 20 20 20 20 20 20 20 20 20 3C 73 75 6D 6D 61 72 79 3E 0D 0A 20 20 20 20 20 20 20 20 20 20 20 20 47 65 74 73 20 6F 72 20 73 65 74 73 20 74 68 65 20 50 72 69 6D 61 72 79 20 6D 65 73 73 61 67 65 20 63 6F 6E 74 65 6E 74 0D 0A 20 20 20 20 20 20 20 20 20 20 20 20 3C 2F 73 75 6D 6D 61 72 79 3E 0D 0A 20 20 20 20 20 20 20 20 3C 2F 6D 65 6D 62 65 72 3E 0D 0A 20 20 20 20 20 20 20 20 3C 6D 65 6D 62 65 72 20 6E 61 6D 65 3D 22 50 3A 49 6E 73 70 68 65 72 65 2E 53 65 63 73 54 6F 54 6F 6F 6C 2E 43 6F 6D 6D 6F 6E 2E 53 45 43 73 54 72 61 6E 73 61 63 74 69 6F 6E 2E 53 65 63 6F 6E 64 61 72 79 22 3E 0D 0A 20 20 20 20 20 20 20 20 20 20 20 20 3C 73 75 6D 6D 61 72 79 3E 0D 0A 20 20 20 20 20 20 20 20 20 20 20 20 47 65 74 73 20 6F 72 20 73 65 74 73 20 74 68 65 20 53 65 63 6F 6E 64 61 72 79 20 6D 65 73 73 61 67 65 20 63 6F 6E 74 65 6E 74 0D 0A 20 20 20 20 20 20 20 20 20 20 20 20 3C 2F 73 75 6D 6D 61 72 79 3E 0D 0A 20 20 20 20 20 20 20 20 3C 2F 6D 65 6D 62 65 72 3E 0D 0A 20 20 20 20 3C 2F 6D 65 6D 62 65 72 73 3E 0D 0A 3C 2F 64 6F 63 3E 0D 0A>
>

Received - 12/25/2005 11:02:58 PM
S7F4 [00000004]
<B[1] 00>

